Flow report for DSO
Sun Jan 13 01:49:08 2019
Quartus II 64-Bit Version 13.1.0 Build 162 10/23/2013 SJ Full Version


---------------------
; Table of Contents ;
---------------------
  1. Legal Notice
  2. Flow Summary
  3. Flow Settings
  4. Flow Non-Default Global Settings
  5. Flow Elapsed Time
  6. Flow OS Summary
  7. Flow Log
  8. Flow Messages
  9. Flow Suppressed Messages



----------------
; Legal Notice ;
----------------
Copyright (C) 1991-2013 Altera Corporation
Your use of Altera Corporation's design tools, logic functions 
and other software and tools, and its AMPP partner logic 
functions, and any output files from any of the foregoing 
(including device programming or simulation files), and any 
associated documentation or information are expressly subject 
to the terms and conditions of the Altera Program License 
Subscription Agreement, Altera MegaCore Function License 
Agreement, or other applicable license agreement, including, 
without limitation, that your use is for the sole purpose of 
programming logic devices manufactured by Altera and sold by 
Altera or its authorized distributors.  Please refer to the 
applicable agreement for further details.



+-------------------------------------------------------------------------------+
; Flow Summary                                                                  ;
+---------------------------------+---------------------------------------------+
; Flow Status                     ; Successful - Sun Jan 13 01:49:08 2019       ;
; Quartus II 64-Bit Version       ; 13.1.0 Build 162 10/23/2013 SJ Full Version ;
; Revision Name                   ; DSO                                         ;
; Top-level Entity Name           ; DSO                                         ;
; Family                          ; Cyclone V                                   ;
; Device                          ; 5CSEMA5F31C6                                ;
; Timing Models                   ; Preliminary                                 ;
; Logic utilization (in ALMs)     ; 4,585 / 32,070 ( 14 % )                     ;
; Total registers                 ; 521                                         ;
; Total pins                      ; 43 / 457 ( 9 % )                            ;
; Total virtual pins              ; 0                                           ;
; Total block memory bits         ; 122,880 / 4,065,280 ( 3 % )                 ;
; Total DSP Blocks                ; 6 / 87 ( 7 % )                              ;
; Total HSSI RX PCSs              ; 0                                           ;
; Total HSSI PMA RX Deserializers ; 0                                           ;
; Total HSSI TX PCSs              ; 0                                           ;
; Total HSSI TX Channels          ; 0                                           ;
; Total PLLs                      ; 1 / 6 ( 17 % )                              ;
; Total DLLs                      ; 0 / 4 ( 0 % )                               ;
+---------------------------------+---------------------------------------------+


+-----------------------------------------+
; Flow Settings                           ;
+-------------------+---------------------+
; Option            ; Setting             ;
+-------------------+---------------------+
; Start date & time ; 01/13/2019 01:45:18 ;
; Main task         ; Compilation         ;
; Revision Name     ; DSO                 ;
+-------------------+---------------------+


+-------------------------------------------------------------------------------------------------------------------------------------+
; Flow Non-Default Global Settings                                                                                                    ;
+--------------------------------------+-----------------------------------------+---------------+-------------+----------------------+
; Assignment Name                      ; Value                                   ; Default Value ; Entity Name ; Section Id           ;
+--------------------------------------+-----------------------------------------+---------------+-------------+----------------------+
; COMPILER_SIGNATURE_ID                ; 220295151379761.154731511814880         ; --            ; --          ; --                   ;
; EDA_DESIGN_INSTANCE_NAME             ; NA                                      ; --            ; --          ; FIFO_vlg_vec_tst     ;
; EDA_DESIGN_INSTANCE_NAME             ; NA                                      ; --            ; --          ; RAM_vlg_vec_tst      ;
; EDA_DESIGN_INSTANCE_NAME             ; NA                                      ; --            ; --          ; PLL_vlg_vec_tst      ;
; EDA_DESIGN_INSTANCE_NAME             ; NA                                      ; --            ; --          ; FIFOtest_vlg_vec_tst ;
; EDA_GENERATE_FUNCTIONAL_NETLIST      ; On                                      ; --            ; --          ; eda_simulation       ;
; EDA_NATIVELINK_SIMULATION_TEST_BENCH ; FIFO_vlg_vec_tst                        ; --            ; --          ; eda_simulation       ;
; EDA_NETLIST_WRITER_OUTPUT_DIR        ; E:/Quartus/VHDL/DSO/simulation/qsim/    ; --            ; --          ; eda_simulation       ;
; EDA_OUTPUT_DATA_FORMAT               ; Verilog Hdl                             ; --            ; --          ; eda_simulation       ;
; EDA_SIMULATION_TOOL                  ; ModelSim-Altera (Verilog)               ; <None>        ; --          ; --                   ;
; EDA_TEST_BENCH_ENABLE_STATUS         ; TEST_BENCH_MODE                         ; --            ; --          ; eda_simulation       ;
; EDA_TEST_BENCH_FILE                  ; simulation/modelsim/FIFO_sim.vwf.vt     ; --            ; --          ; FIFO_vlg_vec_tst     ;
; EDA_TEST_BENCH_FILE                  ; simulation/modelsim/RAM_sim.vwf.vt      ; --            ; --          ; RAM_vlg_vec_tst      ;
; EDA_TEST_BENCH_FILE                  ; simulation/modelsim/PLL_sim.vwf.vt      ; --            ; --          ; PLL_vlg_vec_tst      ;
; EDA_TEST_BENCH_FILE                  ; simulation/modelsim/FIFOtest_sim.vwf.vt ; --            ; --          ; FIFOtest_vlg_vec_tst ;
; EDA_TEST_BENCH_MODULE_NAME           ; FIFO_vlg_vec_tst                        ; --            ; --          ; FIFO_vlg_vec_tst     ;
; EDA_TEST_BENCH_MODULE_NAME           ; RAM_vlg_vec_tst                         ; --            ; --          ; RAM_vlg_vec_tst      ;
; EDA_TEST_BENCH_MODULE_NAME           ; PLL_vlg_vec_tst                         ; --            ; --          ; PLL_vlg_vec_tst      ;
; EDA_TEST_BENCH_MODULE_NAME           ; FIFOtest_vlg_vec_tst                    ; --            ; --          ; FIFOtest_vlg_vec_tst ;
; EDA_TEST_BENCH_NAME                  ; FIFO_vlg_vec_tst                        ; --            ; --          ; eda_simulation       ;
; EDA_TEST_BENCH_NAME                  ; RAM_vlg_vec_tst                         ; --            ; --          ; eda_simulation       ;
; EDA_TEST_BENCH_NAME                  ; PLL_vlg_vec_tst                         ; --            ; --          ; eda_simulation       ;
; EDA_TEST_BENCH_NAME                  ; FIFOtest_vlg_vec_tst                    ; --            ; --          ; eda_simulation       ;
; EDA_TIME_SCALE                       ; 1 ps                                    ; --            ; --          ; eda_simulation       ;
; ENABLE_SIGNALTAP                     ; Off                                     ; --            ; --          ; --                   ;
; IP_TOOL_ENV                          ; mwpim                                   ; --            ; PLL         ; --                   ;
; IP_TOOL_ENV                          ; mwpim                                   ; --            ; PLL         ; --                   ;
; IP_TOOL_ENV                          ; mwpim                                   ; --            ; PLL_0002    ; --                   ;
; IP_TOOL_NAME                         ; FIFO                                    ; --            ; --          ; --                   ;
; IP_TOOL_NAME                         ; RAM: 2-PORT                             ; --            ; --          ; --                   ;
; IP_TOOL_NAME                         ; RAM: 2-PORT                             ; --            ; --          ; --                   ;
; IP_TOOL_NAME                         ; altera_pll                              ; --            ; PLL         ; --                   ;
; IP_TOOL_NAME                         ; altera_pll                              ; --            ; PLL         ; --                   ;
; IP_TOOL_NAME                         ; altera_pll                              ; --            ; PLL_0002    ; --                   ;
; IP_TOOL_VERSION                      ; 13.1                                    ; --            ; --          ; --                   ;
; IP_TOOL_VERSION                      ; 13.1                                    ; --            ; --          ; --                   ;
; IP_TOOL_VERSION                      ; 13.1                                    ; --            ; --          ; --                   ;
; IP_TOOL_VERSION                      ; 13.1                                    ; --            ; PLL         ; --                   ;
; IP_TOOL_VERSION                      ; 13.1                                    ; --            ; PLL         ; --                   ;
; IP_TOOL_VERSION                      ; 13.1                                    ; --            ; PLL_0002    ; --                   ;
; MAX_CORE_JUNCTION_TEMP               ; 85                                      ; --            ; --          ; --                   ;
; MIN_CORE_JUNCTION_TEMP               ; 0                                       ; --            ; --          ; --                   ;
; MISC_FILE                            ; FIFO.bsf                                ; --            ; --          ; --                   ;
; MISC_FILE                            ; PLL.cmp                                 ; --            ; --          ; --                   ;
; MISC_FILE                            ; PLL_sim/PLL.vo                          ; --            ; --          ; --                   ;
; MISC_FILE                            ; RAM.bsf                                 ; --            ; --          ; --                   ;
; MISC_FILE                            ; RAM_save.bsf                            ; --            ; --          ; --                   ;
; PARTITION_COLOR                      ; 16764057                                ; --            ; --          ; Top                  ;
; PARTITION_FITTER_PRESERVATION_LEVEL  ; PLACEMENT_AND_ROUTING                   ; --            ; --          ; Top                  ;
; PARTITION_NETLIST_TYPE               ; SOURCE                                  ; --            ; --          ; Top                  ;
; POWER_BOARD_THERMAL_MODEL            ; None (CONSERVATIVE)                     ; --            ; --          ; --                   ;
; POWER_PRESET_COOLING_SOLUTION        ; 23 MM HEAT SINK WITH 200 LFPM AIRFLOW   ; --            ; --          ; --                   ;
; PROJECT_OUTPUT_DIRECTORY             ; output_files                            ; --            ; --          ; --                   ;
; SPD_FILE                             ; PLL.spd                                 ; --            ; --          ; --                   ;
; SYNTHESIS_ONLY_QIP                   ; On                                      ; --            ; --          ; --                   ;
; USE_SIGNALTAP_FILE                   ; DSO.stp                                 ; --            ; --          ; --                   ;
+--------------------------------------+-----------------------------------------+---------------+-------------+----------------------+


+-------------------------------------------------------------------------------------------------------------------------------+
; Flow Elapsed Time                                                                                                             ;
+---------------------------+--------------+-------------------------+---------------------+------------------------------------+
; Module Name               ; Elapsed Time ; Average Processors Used ; Peak Virtual Memory ; Total CPU Time (on all processors) ;
+---------------------------+--------------+-------------------------+---------------------+------------------------------------+
; Analysis & Synthesis      ; 00:00:29     ; 1.0                     ; 4894 MB             ; 00:00:29                           ;
; Fitter                    ; 00:02:25     ; 2.4                     ; 6247 MB             ; 00:04:04                           ;
; Assembler                 ; 00:00:17     ; 1.0                     ; 4861 MB             ; 00:00:17                           ;
; TimeQuest Timing Analyzer ; 00:00:22     ; 2.4                     ; 5178 MB             ; 00:00:46                           ;
; EDA Netlist Writer        ; 00:00:05     ; 1.0                     ; 4820 MB             ; 00:00:05                           ;
; Total                     ; 00:03:38     ; --                      ; --                  ; 00:05:41                           ;
+---------------------------+--------------+-------------------------+---------------------+------------------------------------+


+----------------------------------------------------------------------------------------+
; Flow OS Summary                                                                        ;
+---------------------------+------------------+-----------+------------+----------------+
; Module Name               ; Machine Hostname ; OS Name   ; OS Version ; Processor type ;
+---------------------------+------------------+-----------+------------+----------------+
; Analysis & Synthesis      ; Tyllllll         ; Windows 7 ; 6.2        ; x86_64         ;
; Fitter                    ; Tyllllll         ; Windows 7 ; 6.2        ; x86_64         ;
; Assembler                 ; Tyllllll         ; Windows 7 ; 6.2        ; x86_64         ;
; TimeQuest Timing Analyzer ; Tyllllll         ; Windows 7 ; 6.2        ; x86_64         ;
; EDA Netlist Writer        ; Tyllllll         ; Windows 7 ; 6.2        ; x86_64         ;
+---------------------------+------------------+-----------+------------+----------------+


------------
; Flow Log ;
------------
quartus_map --read_settings_files=on --write_settings_files=off DSO -c DSO
quartus_fit --read_settings_files=off --write_settings_files=off DSO -c DSO
quartus_asm --read_settings_files=off --write_settings_files=off DSO -c DSO
quartus_sta DSO -c DSO
quartus_eda --read_settings_files=off --write_settings_files=off DSO -c DSO



